[0.000][INFO]:      ChromeDriver 26.0.1383.0 /usr/local/sbin/chromedriver
[1.004][FINE]:      Initializing session with capabilities {
   "browserName": "chrome",
   "chromeOptions": {
      "args": [  ],
      "extensions": [  ]
   },
   "javascriptEnabled": true,
   "platform": "ANY",
   "version": ""
}

[1.005][INFO]:      Launching chrome: /opt/google/chrome/google-chrome --disable-hang-monitor --disable-prompt-on-repost --dom-automation --full-memory-crash-report --no-default-browser-check --no-first-run --disable-background-networking --disable-sync --disable-translate --disable-web-resources --safebrowsing-disable-auto-update --safebrowsing-disable-download-protection --disable-client-side-phishing-detection --disable-component-update --disable-default-apps --enable-logging --log-level=1 --password-store=basic --ignore-certificate-errors about:blank
[1.690][INFO]:      Connected to Chrome successfully. Version: 26.0.1410.63
[1.716][FINE]:      Command received (/session/2436f0c02833dca6d0abc10d40758fe6)
[1.716][FINE]:      Command finished (/session/2436f0c02833dca6d0abc10d40758fe6) with response {
   "sessionId": "2436f0c02833dca6d0abc10d40758fe6",
   "status": 0,
   "value": {
      "acceptSslCerts": false,
      "applicationCacheEnabled": false,
      "browserConnectionEnabled": false,
      "browserName": "chrome",
      "chrome.chromedriverVersion": "26.0.1383.0",
      "cssSelectorsEnabled": true,
      "databaseEnabled": false,
      "handlesAlerts": true,
      "javascriptEnabled": true,
      "locationContextEnabled": false,
      "nativeEvents": true,
      "platform": "linux",
      "rotatable": false,
      "takesScreenshot": true,
      "version": "26.0.1410.63",
      "webStorageEnabled": true
   }
}

[1.717][FINE]:      Command received (/session/2436f0c02833dca6d0abc10d40758fe6/timeouts/implicit_wait) with params {
   "ms": 3000.0,
   "sessionId": "2436f0c02833dca6d0abc10d40758fe6"
}

[1.717][FINER]:     Waiting for all views to stop loading...
[1.719][FINER]:     Done waiting for all views to stop loading
[1.719][FINER]:     Waiting for all views to stop loading...
[1.720][FINER]:     Done waiting for all views to stop loading
[1.720][FINE]:      Command finished (/session/2436f0c02833dca6d0abc10d40758fe6/timeouts/implicit_wait) with response {
   "sessionId": "2436f0c02833dca6d0abc10d40758fe6",
   "status": 0,
   "value": {

   }
}

[1.721][FINE]:      Command received (/session/2436f0c02833dca6d0abc10d40758fe6/url) with params {
   "sessionId": "2436f0c02833dca6d0abc10d40758fe6",
   "url": "http://localhost:8081/admin/"
}

[1.721][FINER]:     Waiting for all views to stop loading...
[1.737][FINER]:     Done waiting for all views to stop loading
[1.937][FINER]:     Waiting for all views to stop loading...
[1.941][FINER]:     Done waiting for all views to stop loading
[1.941][FINE]:      Command finished (/session/2436f0c02833dca6d0abc10d40758fe6/url) with response {
   "sessionId": "2436f0c02833dca6d0abc10d40758fe6",
   "status": 0,
   "value": {

   }
}

[1.943][FINE]:      Command received (/session/2436f0c02833dca6d0abc10d40758fe6/element) with params {
   "sessionId": "2436f0c02833dca6d0abc10d40758fe6",
   "using": "tag name",
   "value": "body"
}

[1.943][FINER]:     Waiting for all views to stop loading...
[1.944][FINER]:     Done waiting for all views to stop loading
[1.966][FINER]:     Waiting for all views to stop loading...
[1.967][FINER]:     Done waiting for all views to stop loading
[1.967][FINE]:      Command finished (/session/2436f0c02833dca6d0abc10d40758fe6/element) with response {
   "sessionId": "2436f0c02833dca6d0abc10d40758fe6",
   "status": 0,
   "value": {
      "ELEMENT": ":wdc:1367768541908"
   }
}

[1.968][FINE]:      Command received (/session/2436f0c02833dca6d0abc10d40758fe6/element/:wdc:1367768541908/text)
[1.968][FINER]:     Waiting for all views to stop loading...
[1.969][FINER]:     Done waiting for all views to stop loading
[2.003][FINER]:     Waiting for all views to stop loading...
[2.003][FINER]:     Done waiting for all views to stop loading
[2.003][FINE]:      Command finished (/session/2436f0c02833dca6d0abc10d40758fe6/element/:wdc:1367768541908/text) with response {
   "sessionId": "2436f0c02833dca6d0abc10d40758fe6",
   "status": 0,
   "value": "Django administration\nUsername:\nPassword:\n "
}

[2.005][FINE]:      Command received (/session/2436f0c02833dca6d0abc10d40758fe6)
[2.266][INFO]:      Chrome shutdown
